<?xml version="1.0" encoding="UTF-8"?>
<!-- Generated by org.testng.reporters.JUnitReportReporter -->
<testsuite skipped="0" hostname="LAPTOP-SH035CQ2" name="com.testNgPackage.TestNgBasics" tests="3" failures="0" timestamp="15 Dec 2018 07:36:54 GMT" time="0.009" errors="0">
  <testcase name="testMethod2" time="0.002" classname="com.testNgPackage.TestNgBasics"/>
  <testcase name="testMethod3" time="0.001" classname="com.testNgPackage.TestNgBasics"/>
  <testcase name="testMethod1" time="0.006" classname="com.testNgPackage.TestNgBasics"/>
</testsuite> <!-- com.testNgPackage.TestNgBasics -->
